app/build/intermediates/manifest_merge_blame_file/release/processReleaseMainManifest/manifest-merger-blame-release-report.txt
1<?xml version="1.0" encoding="utf-8"?>
2<manifest xmlns:android="http://schemas.android.com/apk/res/android"
3    package="org.meshly.app"
4    android:versionCode="1"
5    android:versionName="1.0.0" >
6
7    <uses-sdk
8        android:minSdkVersion="24"
9        android:targetSdkVersion="35" />
10
11    <!-- Network permissions for P2P OpenDHT communication -->
12    <uses-permission android:name="android.permission.INTERNET" />
12-->src/main/AndroidManifest.xml:6:5-67
12-->src/main/AndroidManifest.xml:6:22-64
13    <uses-permission android:name="android.permission.ACCESS_NETWORK_STATE" />
13-->src/main/AndroidManifest.xml:7:5-79
13-->src/main/AndroidManifest.xml:7:22-76
14    <uses-permission android:name="android.permission.ACCESS_WIFI_STATE" />
14-->src/main/AndroidManifest.xml:8:5-76
14-->src/main/AndroidManifest.xml:8:22-73
15    <uses-permission android:name="android.permission.CHANGE_WIFI_MULTICAST_STATE" />
15-->src/main/AndroidManifest.xml:9:5-86
15-->src/main/AndroidManifest.xml:9:22-83
16
17    <!-- Audio and Video Media permissions for P2P Calls -->
18    <uses-permission android:name="android.permission.CAMERA" />
18-->src/main/AndroidManifest.xml:12:5-65
18-->src/main/AndroidManifest.xml:12:22-62
19    <uses-permission android:name="android.permission.RECORD_AUDIO" />
19-->src/main/AndroidManifest.xml:13:5-71
19-->src/main/AndroidManifest.xml:13:22-68
20    <uses-permission android:name="android.permission.MODIFY_AUDIO_SETTINGS" />
20-->src/main/AndroidManifest.xml:14:5-80
20-->src/main/AndroidManifest.xml:14:22-77
21
22    <!-- Foreground services for continuous daemon presence and ongoing calls -->
23    <uses-permission android:name="android.permission.FOREGROUND_SERVICE" />
23-->src/main/AndroidManifest.xml:17:5-77
23-->src/main/AndroidManifest.xml:17:22-74
24    <uses-permission android:name="android.permission.FOREGROUND_SERVICE_CONNECTED_DEVICE" />
24-->src/main/AndroidManifest.xml:18:5-94
24-->src/main/AndroidManifest.xml:18:22-91
25    <uses-permission android:name="android.permission.FOREGROUND_SERVICE_PHONE_CALL" />
25-->src/main/AndroidManifest.xml:19:5-88
25-->src/main/AndroidManifest.xml:19:22-85
26    <uses-permission android:name="android.permission.POST_NOTIFICATIONS" />
26-->src/main/AndroidManifest.xml:20:5-77
26-->src/main/AndroidManifest.xml:20:22-74
27
28    <!-- Incoming Call Lockscreen Display -->
29    <uses-permission android:name="android.permission.SYSTEM_ALERT_WINDOW" />
29-->src/main/AndroidManifest.xml:23:5-78
29-->src/main/AndroidManifest.xml:23:22-75
30    <uses-permission android:name="android.permission.USE_FULL_SCREEN_INTENT" />
30-->src/main/AndroidManifest.xml:24:5-81
30-->src/main/AndroidManifest.xml:24:22-78
31    <uses-permission android:name="android.permission.WAKE_LOCK" />
31-->src/main/AndroidManifest.xml:25:5-68
31-->src/main/AndroidManifest.xml:25:22-65
32
33    <permission
33-->[androidx.core:core:1.15.0] AndroidManifest.xml:22:5-24:47
34        android:name="org.meshly.app.DYNAMIC_RECEIVER_NOT_EXPORTED_PERMISSION"
34-->[androidx.core:core:1.15.0] AndroidManifest.xml:23:9-81
35        android:protectionLevel="signature" />
35-->[androidx.core:core:1.15.0] AndroidManifest.xml:24:9-44
36
37    <uses-permission android:name="org.meshly.app.DYNAMIC_RECEIVER_NOT_EXPORTED_PERMISSION" />
37-->[androidx.core:core:1.15.0] AndroidManifest.xml:26:5-97
37-->[androidx.core:core:1.15.0] AndroidManifest.xml:26:22-94
38
39    <application
39-->src/main/AndroidManifest.xml:27:5-73:19
40        android:name="org.meshly.app.MeshlyApplication"
40-->src/main/AndroidManifest.xml:28:9-42
41        android:allowBackup="true"
41-->src/main/AndroidManifest.xml:29:9-35
42        android:appComponentFactory="androidx.core.app.CoreComponentFactory"
42-->[androidx.core:core:1.15.0] AndroidManifest.xml:28:18-86
43        android:dataExtractionRules="@xml/data_extraction_rules"
43-->src/main/AndroidManifest.xml:30:9-65
44        android:extractNativeLibs="false"
45        android:fullBackupContent="@xml/backup_rules"
45-->src/main/AndroidManifest.xml:31:9-54
46        android:icon="@drawable/ic_launcher"
46-->src/main/AndroidManifest.xml:32:9-45
47        android:label="@string/app_name"
47-->src/main/AndroidManifest.xml:33:9-41
48        android:roundIcon="@drawable/ic_launcher_round"
48-->src/main/AndroidManifest.xml:34:9-56
49        android:supportsRtl="true"
49-->src/main/AndroidManifest.xml:35:9-35
50        android:theme="@style/Theme.Meshly" >
50-->src/main/AndroidManifest.xml:36:9-44
51        <activity
51-->src/main/AndroidManifest.xml:39:9-48:20
52            android:name="org.meshly.app.ui.MainActivity"
52-->src/main/AndroidManifest.xml:40:13-44
53            android:exported="true"
53-->src/main/AndroidManifest.xml:41:13-36
54            android:launchMode="singleTop"
54-->src/main/AndroidManifest.xml:42:13-43
55            android:theme="@style/Theme.Meshly" >
55-->src/main/AndroidManifest.xml:43:13-48
56            <intent-filter>
56-->src/main/AndroidManifest.xml:44:13-47:29
57                <action android:name="android.intent.action.MAIN" />
57-->src/main/AndroidManifest.xml:45:17-69
57-->src/main/AndroidManifest.xml:45:25-66
58
59                <category android:name="android.intent.category.LAUNCHER" />
59-->src/main/AndroidManifest.xml:46:17-77
59-->src/main/AndroidManifest.xml:46:27-74
60            </intent-filter>
61        </activity>
62
63        <!--
64             Lock-screen visibility (setShowWhenLocked/setTurnScreenOn) is requested
65             programmatically in IncomingCallActivity.onCreate(); these are not manifest attributes.
66        -->
67        <activity
67-->src/main/AndroidManifest.xml:52:9-57:51
68            android:name="org.meshly.app.ui.call.IncomingCallActivity"
68-->src/main/AndroidManifest.xml:53:13-57
69            android:excludeFromRecents="true"
69-->src/main/AndroidManifest.xml:55:13-46
70            android:exported="false"
70-->src/main/AndroidManifest.xml:54:13-37
71            android:launchMode="singleInstance"
71-->src/main/AndroidManifest.xml:56:13-48
72            android:theme="@style/Theme.Meshly" />
72-->src/main/AndroidManifest.xml:57:13-48
73
74        <!-- Foreground Service for P2P Daemon Presence -->
75        <service
75-->src/main/AndroidManifest.xml:60:9-64:63
76            android:name="org.meshly.app.service.JamiDaemonService"
76-->src/main/AndroidManifest.xml:61:13-54
77            android:enabled="true"
77-->src/main/AndroidManifest.xml:62:13-35
78            android:exported="false"
78-->src/main/AndroidManifest.xml:63:13-37
79            android:foregroundServiceType="connectedDevice" />
79-->src/main/AndroidManifest.xml:64:13-60
80
81        <!-- Foreground Service for Active Telecom / P2P Call -->
82        <service
82-->src/main/AndroidManifest.xml:67:9-71:57
83            android:name="org.meshly.app.service.CallService"
83-->src/main/AndroidManifest.xml:68:13-48
84            android:enabled="true"
84-->src/main/AndroidManifest.xml:69:13-35
85            android:exported="false"
85-->src/main/AndroidManifest.xml:70:13-37
86            android:foregroundServiceType="phoneCall" />
86-->src/main/AndroidManifest.xml:71:13-54
87
88        <provider
88-->[androidx.emoji2:emoji2:1.3.0] AndroidManifest.xml:24:9-32:20
89            android:name="androidx.startup.InitializationProvider"
89-->[androidx.emoji2:emoji2:1.3.0] AndroidManifest.xml:25:13-67
90            android:authorities="org.meshly.app.androidx-startup"
90-->[androidx.emoji2:emoji2:1.3.0] AndroidManifest.xml:26:13-68
91            android:exported="false" >
91-->[androidx.emoji2:emoji2:1.3.0] AndroidManifest.xml:27:13-37
92            <meta-data
92-->[androidx.emoji2:emoji2:1.3.0] AndroidManifest.xml:29:13-31:52
93                android:name="androidx.emoji2.text.EmojiCompatInitializer"
93-->[androidx.emoji2:emoji2:1.3.0] AndroidManifest.xml:30:17-75
94                android:value="androidx.startup" />
94-->[androidx.emoji2:emoji2:1.3.0] AndroidManifest.xml:31:17-49
95            <meta-data
95-->[androidx.lifecycle:lifecycle-process:2.8.7] AndroidManifest.xml:29:13-31:52
96                android:name="androidx.lifecycle.ProcessLifecycleInitializer"
96-->[androidx.lifecycle:lifecycle-process:2.8.7] AndroidManifest.xml:30:17-78
97                android:value="androidx.startup" />
97-->[androidx.lifecycle:lifecycle-process:2.8.7] AndroidManifest.xml:31:17-49
98            <meta-data
98-->[androidx.profileinstaller:profileinstaller:1.4.0] AndroidManifest.xml:29:13-31:52
99                android:name="androidx.profileinstaller.ProfileInstallerInitializer"
99-->[androidx.profileinstaller:profileinstaller:1.4.0] AndroidManifest.xml:30:17-85
100                android:value="androidx.startup" />
100-->[androidx.profileinstaller:profileinstaller:1.4.0] AndroidManifest.xml:31:17-49
101        </provider>
102
103        <service
103-->[androidx.room:room-runtime:2.6.1] AndroidManifest.xml:24:9-28:63
104            android:name="androidx.room.MultiInstanceInvalidationService"
104-->[androidx.room:room-runtime:2.6.1] AndroidManifest.xml:25:13-74
105            android:directBootAware="true"
105-->[androidx.room:room-runtime:2.6.1] AndroidManifest.xml:26:13-43
106            android:exported="false" />
106-->[androidx.room:room-runtime:2.6.1] AndroidManifest.xml:27:13-37
107
108        <receiver
108-->[androidx.profileinstaller:profileinstaller:1.4.0] AndroidManifest.xml:34:9-52:20
109            android:name="androidx.profileinstaller.ProfileInstallReceiver"
109-->[androidx.profileinstaller:profileinstaller:1.4.0] AndroidManifest.xml:35:13-76
110            android:directBootAware="false"
110-->[androidx.profileinstaller:profileinstaller:1.4.0] AndroidManifest.xml:36:13-44
111            android:enabled="true"
111-->[androidx.profileinstaller:profileinstaller:1.4.0] AndroidManifest.xml:37:13-35
112            android:exported="true"
112-->[androidx.profileinstaller:profileinstaller:1.4.0] AndroidManifest.xml:38:13-36
113            android:permission="android.permission.DUMP" >
113-->[androidx.profileinstaller:profileinstaller:1.4.0] AndroidManifest.xml:39:13-57
114            <intent-filter>
114-->[androidx.profileinstaller:profileinstaller:1.4.0] AndroidManifest.xml:40:13-42:29
115                <action android:name="androidx.profileinstaller.action.INSTALL_PROFILE" />
115-->[androidx.profileinstaller:profileinstaller:1.4.0] AndroidManifest.xml:41:17-91
115-->[androidx.profileinstaller:profileinstaller:1.4.0] AndroidManifest.xml:41:25-88
116            </intent-filter>
117            <intent-filter>
117-->[androidx.profileinstaller:profileinstaller:1.4.0] AndroidManifest.xml:43:13-45:29
118                <action android:name="androidx.profileinstaller.action.SKIP_FILE" />
118-->[androidx.profileinstaller:profileinstaller:1.4.0] AndroidManifest.xml:44:17-85
118-->[androidx.profileinstaller:profileinstaller:1.4.0] AndroidManifest.xml:44:25-82
119            </intent-filter>
120            <intent-filter>
120-->[androidx.profileinstaller:profileinstaller:1.4.0] AndroidManifest.xml:46:13-48:29
121                <action android:name="androidx.profileinstaller.action.SAVE_PROFILE" />
121-->[androidx.profileinstaller:profileinstaller:1.4.0] AndroidManifest.xml:47:17-88
121-->[androidx.profileinstaller:profileinstaller:1.4.0] AndroidManifest.xml:47:25-85
122            </intent-filter>
123            <intent-filter>
123-->[androidx.profileinstaller:profileinstaller:1.4.0] AndroidManifest.xml:49:13-51:29
124                <action android:name="androidx.profileinstaller.action.BENCHMARK_OPERATION" />
124-->[androidx.profileinstaller:profileinstaller:1.4.0] AndroidManifest.xml:50:17-95
124-->[androidx.profileinstaller:profileinstaller:1.4.0] AndroidManifest.xml:50:25-92
125            </intent-filter>
126        </receiver>
127    </application>
128
129</manifest>